"../../../Engine/Content/EditorResources/S_Actor.uasset" 0
"../../../Engine/Content/EditorResources/S_LevelSequence.uasset" 1
"../../../Engine/Content/EngineFonts/Roboto.uasset" 2
"../../../Engine/Content/Functions/Engine_MaterialFunctions01/Shading/PowerToRoughness.uasset" 3
"../../../Engine/Content/EngineMaterials/DefaultDiffuse.uasset" 4
"../../../Engine/Content/EngineMaterials/DefaultDeferredDecalMaterial.uasset" 5
"../../../Engine/Content/EngineMaterials/DefaultLightFunctionMaterial.uasset" 6
"../../../Engine/Content/Functions/Engine_MaterialFunctions02/Utility/BreakOutFloat2Components.uasset" 7
"../../../Engine/Content/EngineMaterials/DefaultPostProcessMaterial.uasset" 8
"../../../Engine/Content/EngineResources/DefaultTexture.uasset" 9
"../../../Engine/Content/Functions/Engine_MaterialFunctions01/Texturing/ScaleUVsByCenter.uasset" 10
"../../../Engine/Content/Functions/Engine_MaterialFunctions02/ScreenResolution.uasset" 11
"../../../Engine/Content/Functions/Engine_MaterialFunctions02/Texturing/ScreenAlignedUVs.uasset" 12
"../../../Engine/Content/EngineResources/WhiteSquareTexture.uasset" 13
"../../../Engine/Content/EngineMaterials/Widget3DPassThrough.uasset" 14
"../../../Engine/Content/EngineMaterials/Widget3DPassThrough_Translucent.uasset" 15
"../../../Engine/Content/EngineMaterials/Widget3DPassThrough_Translucent_OneSided.uasset" 16
"../../../Engine/Content/EngineMaterials/Widget3DPassThrough_Opaque.uasset" 17
"../../../Engine/Content/EngineMaterials/Widget3DPassThrough_Opaque_OneSided.uasset" 18
"../../../Engine/Content/EngineMaterials/Widget3DPassThrough_Masked.uasset" 19
"../../../Engine/Content/EngineMaterials/Widget3DPassThrough_Masked_OneSided.uasset" 20
"../../../Engine/Content/EngineResources/AICON-Red.uasset" 21
"../../../Engine/Content/EngineResources/AICON-Green.uasset" 22
"../../../Engine/Content/EditorResources/S_Emitter.uasset" 23
"../../../Engine/Content/EditorResources/Bad.uasset" 24
"../../../Engine/Content/EditorMeshes/EditorCube.uasset" 25
"../../../Engine/Content/EditorMeshes/EditorSphere.uasset" 26
"../../../Engine/Content/EditorMeshes/EditorPlane.uasset" 27
"../../../Engine/Content/EditorMeshes/EditorCylinder.uasset" 28
"../../../Engine/Content/Maps/Templates/Thumbnails/Default.uasset" 29
"../../../Engine/Content/Maps/Templates/Thumbnails/VR-Basic.uasset" 30
"../../../Engine/Content/EditorMaterials/Thumbnails/SkySphereMaterial.uasset" 31
"../../../Engine/Content/EditorMeshes/EditorSkySphere.uasset" 32
"../../../Engine/Content/EngineMaterials/Grid.uasset" 33
"../../../Engine/Content/EditorMaterials/Thumbnails/FloorPlaneMaterial.uasset" 34
"../../../Engine/Content/MapTemplates/Sky/DaylightAmbientCubemap.uasset" 35
"../../../Engine/Content/EditorMaterials/ParticleSystems/PSysThumbnail_NoImage.uasset" 36
"../../../Engine/Content/EditorMaterials/ParticleSystems/PSysThumbnail_OOD.uasset" 37
"../../../Engine/Content/EditorResources/S_DecalActorIcon.uasset" 38
"../../../Engine/Content/EditorLandscapeResources/LandscapeGizmo_Mat.uasset" 39
"../../../Engine/Content/EditorLandscapeResources/LandscapeGizmo_Mat_Copied.uasset" 40
"../../../Engine/Content/EditorLandscapeResources/LandscapeGizmoHeight_Mat.uasset" 41
"../../../Engine/Content/EditorLandscapeResources/DataLayer.uasset" 42
"../../../Engine/Content/EditorResources/S_Terrain.uasset" 43
"../../../Engine/Content/EditorLandscapeResources/SplineEditorMeshMat.uasset" 44
"../../../Engine/Content/EditorLandscapeResources/SplineEditorMesh.uasset" 45
"../../../Engine/Content/EditorResources/MatineeCam_D.uasset" 46
"../../../Engine/Content/EditorMaterials/MatineeCam_mat.uasset" 47
"../../../Engine/Content/EditorMeshes/MatineeCam_SM.uasset" 48
"../../../Engine/Content/Functions/Engine_MaterialFunctions02/Utility/Sign.uasset" 49
"../../../Engine/Content/Functions/Engine_MaterialFunctions02/Utility/Round.uasset" 50
"../../../Engine/Content/Functions/Engine_MaterialFunctions02/ExampleContent/Textures/flipbook.uasset" 51
"../../../Engine/Content/Functions/Engine_MaterialFunctions02/Texturing/FlipBook.uasset" 52
"../../../Engine/Content/EditorResources/T_EditorHelp.uasset" 53
"../../../Engine/Content/EditorMaterials/HelpActorMaterial.uasset" 54
"../../../Engine/Content/EditorResources/S_ExpoHeightFog.uasset" 55
"../../../Engine/Content/EditorResources/S_NavP.uasset" 56
"../../../Engine/Content/EditorResources/S_Player.uasset" 57
"../../../Engine/Content/EditorResources/LightIcons/SkyLight.uasset" 58
"../../../Engine/Content/EditorResources/S_WindDirectional.uasset" 59
"../../../Engine/Content/EngineDamageTypes/DmgTypeBP_Environmental.uasset" 60
"../../../Engine/Content/EditorResources/LightIcons/S_LightDirectional.uasset" 61
"../../../Engine/Content/EditorResources/LightIcons/S_LightDirectionalMove.uasset" 62
"../../../Engine/Content/EditorResources/LightIcons/S_LightPoint.uasset" 63
"../../../Engine/Content/EditorResources/LightIcons/S_LightPointMove.uasset" 64
"../../../Engine/Content/EditorResources/LightIcons/S_LightSpot.uasset" 65
"../../../Engine/Content/EditorResources/LightIcons/S_LightSpotMove.uasset" 66
"../../../Engine/Content/EditorResources/S_PortalActorIcon2.uasset" 67
"../../../Engine/Content/EditorResources/MatInstActSprite.uasset" 68
"../../../Engine/Content/EditorResources/SceneManager.uasset" 69
"../../../Engine/Content/EditorResources/AI/S_NavLink.uasset" 70
"../../../Engine/Content/EditorResources/S_Note.uasset" 71
"../../../Engine/Content/EngineMeshes/Sphere.uasset" 72
"../../../Engine/Content/EditorResources/S_ReflActorIcon.uasset" 73
"../../../Engine/Content/EditorResources/S_Thruster.uasset" 74
"../../../Engine/Content/EditorResources/S_RadForce.uasset" 75
"../../../Engine/Content/EditorMaterials/TargetIcon.uasset" 76
"../../../Engine/Content/EngineFonts/RobotoDistanceField.uasset" 77
"../../../Engine/Content/EngineMaterials/DefaultTextMaterialOpaque.uasset" 78
"../../../Engine/Content/EditorResources/S_TextRenderActorIcon.uasset" 79
"../../../Engine/Content/EditorResources/S_Trigger.uasset" 80
"../../../Engine/Content/EditorResources/S_VectorFieldVol.uasset" 81
"../../../Engine/Content/EngineResources/GradientTexture0.uasset" 82
"../../../Engine/Content/EngineResources/Black.uasset" 83
"../../../Engine/Content/EditorMaterials/MatineeGroups/MAT_Groups_Float.uasset" 84
"../../../Engine/Content/EditorMaterials/MatineeGroups/MAT_Groups_Director.uasset" 85
"../../../Engine/Content/EditorMaterials/MatineeGroups/MAT_Groups_Event.uasset" 86
"../../../Engine/Content/EditorMaterials/MatineeGroups/MAT_Groups_Anim.uasset" 87
"../../../Engine/Content/EditorMaterials/MatineeGroups/MAT_Groups_Fade.uasset" 88
"../../../Engine/Content/EditorMaterials/MatineeGroups/MAT_Groups_Move.uasset" 89
"../../../Engine/Content/EditorMaterials/MatineeGroups/MAT_Groups_Slomo.uasset" 90
"../../../Engine/Content/EditorMaterials/MatineeGroups/MAT_ColorTrack.uasset" 91
"../../../Engine/Content/EditorMaterials/MAT_Groups_Toggle.uasset" 92
"../../../Engine/Content/EditorMaterials/MatineeGroups/MAT_Groups_AudioMaster.uasset" 93
"../../../Engine/Content/EditorMaterials/MatineeGroups/MAT_Groups_Sound.uasset" 94
"../../../Engine/Content/EditorMaterials/MatineeGroups/MAT_Groups_Vector.uasset" 95
"../../../Engine/Content/EditorMaterials/MAT_Groups_Visibility.uasset" 96
"../../../Engine/Content/EngineResources/DefaultTextureCube.uasset" 97
"../../../Engine/Content/Functions/Engine_MaterialFunctions01/Opacity/CameraDepthFade.uasset" 98
"../../../Engine/Content/EngineMaterials/T_Default_Material_Grid_M.uasset" 99
"../../../Engine/Content/EngineMaterials/T_Default_Material_Grid_N.uasset" 100
"../../../Engine/Content/EngineMaterials/DefaultMaterial.uasset" 101
"../../../Engine/Content/EngineMeshes/Cylinder.uasset" 102
"../../../Engine/Content/EngineTireTypes/DefaultTireType.uasset" 103
"../../../Engine/Content/EditorMaterials/Camera/CineMat.uasset" 104
"../../../Engine/Content/EditorMaterials/Camera/MI_CineMat_Rig.uasset" 105
"../../../Engine/Content/EditorMeshes/Camera/SM_CraneRig_Base.uasset" 106
"../../../Engine/Content/EditorMeshes/Camera/SM_CraneRig_Arm.uasset" 107
"../../../Engine/Content/EditorMeshes/Camera/SM_CraneRig_Mount.uasset" 108
"../../../Engine/Content/EditorMeshes/Camera/SM_CraneRig_Body.uasset" 109
"../../../Engine/Content/EditorMeshes/Camera/SM_RailRig_Track.uasset" 110
"../../../Engine/Content/EditorMeshes/Camera/SM_RailRig_Mount.uasset" 111
"../../../Engine/Content/EditorMaterials/Camera/MI_CineMat_CameraBody.uasset" 112
"../../../Engine/Content/EngineDebugMaterials/M_SimpleOpaque.uasset" 113
"../../../Engine/Content/EditorMaterials/Camera/MI_CineMat_CamViewFinder.uasset" 114
"../../../Engine/Content/EditorMeshes/Camera/SM_CineCam.uasset" 115
"../../../Engine/Content/EngineMaterials/WorldGridMaterial.uasset" 116
"../../../Engine/Content/ArtTools/RenderToTexture/Meshes/S_1_Unit_Plane.uasset" 117
"../../../Engine/Content/EngineDebugMaterials/M_SimpleTranslucent.uasset" 118
"../../../Engine/Content/EditorResources/S_FTest.uasset" 119
"../../../Engine/Content/VREditor/LaserPointer/VR_LaserPower_01.uasset" 120
"../../../Engine/Content/VREditor/TransformGizmo/TransformGizmoMaterial.uasset" 121
"../../../Engine/Content/VREditor/TransformGizmo/TranslucentTransformGizmoMaterial.uasset" 122
"../../../Engine/Content/VREditor/TransformGizmo/TranslationHandle.uasset" 123
"../../../Engine/Content/VREditor/TransformGizmo/PlaneTranslationHandle.uasset" 124
"../../../Engine/Content/VREditor/TransformGizmo/RotationHandle.uasset" 125
"../../../Engine/Content/VREditor/TransformGizmo/StretchingHandle.uasset" 126
"../../../Engine/Content/VREditor/TransformGizmo/BoundingBoxCorner.uasset" 127
"../../../Engine/Content/VREditor/TransformGizmo/BoundingBoxEdge.uasset" 128
"../../../Engine/Content/VREditor/TransformGizmo/UniformScaleHandle.uasset" 129
"../../../Engine/Content/VREditor/FloatingText/LineMaterial.uasset" 130
"../../../Engine/Content/VREditor/FloatingText/LineSegmentCylinder.uasset" 131
"../../../Engine/Content/VREditor/FloatingText/JointSphere.uasset" 132
"../../../Engine/Content/VREditor/Fonts/VRText_RobotoLarge.uasset" 133
"../../../Engine/Content/VREditor/Fonts/VRTextMaterial.uasset" 134
"../../../Engine/Content/VREditor/Fonts/TranslucentVRTextMaterial.uasset" 135
"../../../Engine/Content/VREditor/UI/SelectionBarMesh.uasset" 136
"../../../Engine/Content/VREditor/UI/CloseButtonMesh.uasset" 137
"../../../Engine/Plugins/2D/Paper2D/Content/PlaceholderTextures/DummySpriteTexture.uasset" 138
"../../../Engine/Plugins/2D/Paper2D/Content/DefaultSpriteMaterial.uasset" 139
"../../../Engine/Plugins/2D/Paper2D/Content/MaskedUnlitSpriteMaterial.uasset" 140
"../../../Engine/Plugins/2D/Paper2D/Content/OpaqueUnlitSpriteMaterial.uasset" 141
"../../../Engine/Plugins/2D/Paper2D/Content/DummySprite.uasset" 142
"../../../Engine/Plugins/2D/Paper2D/Content/DefaultPaperTerrainMaterial.uasset" 143
"../../../Engine/Content/EditorSounds/Notifications/CompileSuccess.uasset" 144
"../../../Engine/Content/EditorSounds/Notifications/CompileStart_Cue.uasset" 145
"../../../Engine/Content/EditorSounds/Notifications/CompileSuccess_Cue.uasset" 146
"../../../Engine/Content/EditorSounds/Notifications/CompileFailed.uasset" 147
"../../../Engine/Content/EditorSounds/Notifications/CompileFailed_Cue.uasset" 148
"../../../Engine/Content/BufferVisualization/BaseColor.uasset" 149
"../../../Engine/Content/BufferVisualization/CustomDepth.uasset" 150
"../../../Engine/Content/Functions/Engine_MaterialFunctions02/Utility/MakeFloat2.uasset" 151
"../../../Engine/Content/Functions/Engine_MaterialFunctions02/Utility/MakeFloat3.uasset" 152
"../../../Engine/Content/EngineMaterials/MiniFont.uasset" 153
"../../../Engine/Content/BufferVisualization/CustomStencil.uasset" 154
"../../../Engine/Content/BufferVisualization/FinalImage.uasset" 155
"../../../Engine/Content/BufferVisualization/LightingModel.uasset" 156
"../../../Engine/Content/BufferVisualization/MaterialAO.uasset" 157
"../../../Engine/Content/BufferVisualization/Metallic.uasset" 158
"../../../Engine/Content/BufferVisualization/Opacity.uasset" 159
"../../../Engine/Content/BufferVisualization/Roughness.uasset" 160
"../../../Engine/Content/BufferVisualization/SceneColor.uasset" 161
"../../../Engine/Content/BufferVisualization/SceneDepth.uasset" 162
"../../../Engine/Content/BufferVisualization/SeparateTranslucencyRGB.uasset" 163
"../../../Engine/Content/BufferVisualization/SeparateTranslucencyA.uasset" 164
"../../../Engine/Content/BufferVisualization/Specular.uasset" 165
"../../../Engine/Content/BufferVisualization/SubsurfaceColor.uasset" 166
"../../../Engine/Content/BufferVisualization/WorldNormal.uasset" 167
"../../../Engine/Content/EngineMaterials/DefaultPhysicalMaterial.uasset" 168
"../../../Engine/Content/BufferVisualization/AmbientOcclusion.uasset" 169
"../../../Engine/Content/Functions/Engine_MaterialFunctions02/Utility/VectorLength.uasset" 170
"../../../Engine/Content/BufferVisualization/CustomDepthWorldUnits.uasset" 171
"../../../Engine/Content/BufferVisualization/SceneDepthWorldUnits.uasset" 172
"../../../Engine/Content/BufferVisualization/HDRColor.uasset" 173
"../../../Engine/Content/EngineMaterials/HighResolutionScreenshotMaskFunction.uasset" 174
"../../../Engine/Content/EngineMaterials/HighResScreenshot.uasset" 175
"../../../Engine/Content/EngineMaterials/HighResScreenshotMask.uasset" 176
"../../../Engine/Content/EngineMaterials/HighResScreenshotCaptureRegion.uasset" 177
"../../../Engine/Content/EngineDebugMaterials/WireframeMaterial.uasset" 178
"../../../Engine/Content/Functions/Engine_MaterialFunctions01/Shading/ConvertFromDiffSpec.uasset" 179
"../../../Engine/Content/EngineDebugMaterials/LevelColorationLitMaterial.uasset" 180
"../../../Engine/Content/EngineDebugMaterials/LevelColorationUnlitMaterial.uasset" 181
"../../../Engine/Content/EngineMaterials/DefaultWhiteGrid.uasset" 182
"../../../Engine/Content/EngineDebugMaterials/MAT_LevelColorationLitLightmapUV.uasset" 183
"../../../Engine/Content/EngineDebugMaterials/ShadedLevelColorationLitMaterial.uasset" 184
"../../../Engine/Content/EngineDebugMaterials/ShadedLevelColorationUnlitMateri.uasset" 185
"../../../Engine/Content/EngineDebugMaterials/VertexColorMaterial.uasset" 186
"../../../Engine/Content/EngineDebugMaterials/VertexColorViewMode_ColorOnly.uasset" 187
"../../../Engine/Content/EngineDebugMaterials/VertexColorViewMode_AlphaAsColor.uasset" 188
"../../../Engine/Content/EngineDebugMaterials/VertexColorViewMode_RedOnly.uasset" 189
"../../../Engine/Content/EngineDebugMaterials/VertexColorViewMode_GreenOnly.uasset" 190
"../../../Engine/Content/EngineDebugMaterials/VertexColorViewMode_BlueOnly.uasset" 191
"../../../Engine/Content/EngineMaterials/RemoveSurfaceMaterial.uasset" 192
"../../../Engine/Content/EngineDebugMaterials/DebugMeshMaterial.uasset" 193
"../../../Engine/Content/EngineMaterials/InvalidLightmapSettings.uasset" 194
"../../../Engine/Content/EngineMaterials/M_InvalidLightmapSettings.uasset" 195
"../../../Engine/Content/EditorMaterials/GizmoMaterial.uasset" 196
"../../../Engine/Content/EngineDebugMaterials/GeomMaterial.uasset" 197
"../../../Engine/Content/EngineMaterials/EditorBrushMaterial.uasset" 198
"../../../Engine/Content/EngineDebugMaterials/HeatmapGradient.uasset" 199
"../../../Engine/Content/EngineDebugMaterials/BoneWeightMaterial.uasset" 200
"../../../Engine/Content/EditorMaterials/PreviewShadowIndicator.uasset" 201
"../../../Engine/Content/EditorMaterials/PreviewShadowIndicatorMaterial.uasset" 202
"../../../Engine/Content/EditorMaterials/PhAT_JointLimitMaterial.uasset" 203
"../../../Engine/Content/EditorResources/BSPVertex.uasset" 204
"../../../Engine/Content/EngineMaterials/Good64x64TilingNoiseHighFreq.uasset" 205
"../../../Engine/Content/EngineMaterials/DefaultBokeh.uasset" 206
"../../../Engine/Content/EngineMaterials/PreintegratedSkinBRDF.uasset" 207
"../../../Engine/Content/EngineMaterials/WeightMapPlaceholderTexture.uasset" 208
"../../../Engine/Content/EngineFonts/RobotoTiny.uasset" 209
"../../../Engine/Content/Tutorial/ContentIntroCurve.uasset" 210
"../../../Engine/Content/EditorMaterials/Cross.uasset" 211
"../../../Engine/Content/EditorMaterials/Cross_Mat.uasset" 212
"../../../Engine/Content/EditorMaterials/PhAT_BoneSelectedMaterial.uasset" 213
"../../../Engine/Content/EditorMaterials/PhAT_ElemSelectedMaterial.uasset" 214
"../../../Engine/Content/EditorMaterials/PhAT_NoCollisionMaterial.uasset" 215
"../../../Engine/Content/EditorMaterials/PhAT_UnselectedMaterial.uasset" 216
"../../../Engine/Content/EditorMaterials/Tick.uasset" 217
"../../../Engine/Content/EditorMaterials/Tick_Mat.uasset" 218
"../../../Engine/Content/EditorMaterials/WidgetGridVertexColorMaterial.uasset" 219
"../../../Engine/Content/EditorMaterials/WidgetGridVertexColorMaterial_Ma.uasset" 220
"../../../Engine/Content/EditorMaterials/WidgetMaterial.uasset" 221
"../../../Engine/Content/EditorMaterials/WidgetMaterial_Current.uasset" 222
"../../../Engine/Content/EditorMaterials/WidgetMaterial_X.uasset" 223
"../../../Engine/Content/EditorMaterials/WidgetMaterial_Y.uasset" 224
"../../../Engine/Content/EditorMaterials/WidgetMaterial_Z.uasset" 225
"../../../Engine/Content/EditorMaterials/WidgetVertexColorMaterial.uasset" 226
"../../../Engine/Content/EditorMaterials/CompositeARGBLayer.uasset" 227
"../../../Engine/Content/EditorMaterials/TilingAALineIntegral.uasset" 228
"../../../Engine/Content/EditorMaterials/TilingAALineBoxFiltered.uasset" 229
"../../../Engine/Content/Functions/Engine_MaterialFunctions03/Procedurals/ComputeFilterWidth.uasset" 230
"../../../Engine/Content/EditorMaterials/TilingAADots.uasset" 231
"../../../Engine/Content/EditorMaterials/Cascade/CASC_Cross.uasset" 232
"../../../Engine/Content/EditorMaterials/Cascade/CASC_None.uasset" 233
"../../../Engine/Content/Functions/Engine_MaterialFunctions03/Blends/Blend_Screen.uasset" 234
"../../../Engine/Content/EditorMaterials/TilingAAGrid.uasset" 235
"../../../Engine/Content/EditorMaterials/LevelGridMaterial.uasset" 236
"../../../Engine/Content/EditorResources/SmallFont.uasset" 237
"../../../Engine/Content/EditorResources/S_KBSJoint.uasset" 238
"../../../Engine/Content/EditorResources/S_KHinge.uasset" 239
"../../../Engine/Content/EditorResources/S_KPrismatic.uasset" 240
"../../../Engine/Content/EditorResources/LightIcons/S_LightError.uasset" 241
"../../../Engine/Content/EditorResources/Spline/T_Loft_Spline.uasset" 242
"../../../Engine/Content/EngineMaterials/BlinkingCaret.uasset" 243
"../../../Engine/Content/EngineMaterials/DefaultNormal.uasset" 244
"../../../Engine/Content/EngineMaterials/Grid_N.uasset" 245
"../../../Engine/Content/EngineMaterials/LandscapeHolePhysicalMaterial.uasset" 246
"../../../Engine/Content/EngineMaterials/PaperDiffuse.uasset" 247
"../../../Engine/Content/EngineMaterials/PaperNormal.uasset" 248
"../../../Engine/Content/EngineMaterials/PhysMat_Rubber.uasset" 249
"../../../Engine/Content/EngineFonts/SmallFont.uasset" 250
"../../../Engine/Content/EngineFonts/TinyFont.uasset" 251
"../../../Engine/Content/EngineResources/StreamingPauseIcon.uasset" 252
"../../../Engine/Content/EngineResources/M_StreamingPause.uasset" 253
"../../../Engine/Content/BasicShapes/Sphere.uasset" 254
"../../../Engine/Content/BasicShapes/Cone.uasset" 255
"../../../Engine/Content/EditorResources/SequenceRecorder/Countdown.uasset" 256
"../../../Engine/Content/EditorResources/SequenceRecorder/RecordingIndicator.uasset" 257
"../../../Engine/Content/EditorLandscapeResources/DefaultAlphaTexture.uasset" 258
"../../../Engine/Content/EditorSounds/GamePreview/EndPlayInEditor.uasset" 259
"../../../Engine/Content/EditorSounds/GamePreview/EndPlayInEditor_Cue.uasset" 260
"../../../Engine/Content/EditorResources/EmptyActor.uasset" 261
"../../../Engine/Content/Tutorial/Basics/TutorialAssets/icon_tab_Levels_40x.uasset" 262
"../../../Engine/Content/EditorMaterials/MakeCompositeARGBLayer.uasset" 263
"../../../Engine/Content/EditorResources/LevelGrid1DStripes.uasset" 264
"../../../Engine/Content/EditorMaterials/TextureGridCascaded1D.uasset" 265
"../../../Engine/Content/EditorMaterials/TextureGridCascaded2D.uasset" 266
"../../../Engine/Content/EditorMaterials/LevelGridMaterial2.uasset" 267
"../../../Engine/Content/MobileResources/T_MobileMenu2.uasset" 268
"../../../Engine/Content/MobileResources/HUD/MobileHUDDirectionPad.uasset" 269
"../../../Engine/Content/MobileResources/HUD/MobileHUDButton2_off.uasset" 270
"../../../Engine/Content/MobileResources/HUD/VirtualJoystick_Background.uasset" 271
"../../../Engine/Content/MobileResources/HUD/VirtualJoystick_Thumb.uasset" 272
"../../../Engine/Content/MobileResources/HUD/LeftVirtualJoystickOnly.uasset" 273
"../../../Engine/Content/MobileResources/HUD/MobileHUDButton3.uasset" 274
"../../../Engine/Content/MobileResources/HUD/MobileHUDDirectionPad3.uasset" 275
"../../../Engine/Content/MobileResources/HUD/T_Castle_ThumbstickInner.uasset" 276
"../../../Engine/Content/EditorSounds/GamePreview/StartPlayInEditor.uasset" 277
"../../../Engine/Content/EditorSounds/GamePreview/StartPlayInEditor_Cue.uasset" 278
"../../../Engine/Content/MobileResources/T_MobileControls_texture.uasset" 279
"../../../Engine/Content/MobileResources/HUD/AnalogHat.uasset" 280
"../../../Engine/Content/MobileResources/HUD/DefaultVirtualJoysticks.uasset" 281
"../../../Engine/Content/MobileResources/HUD/MobileHUDButton1_off.uasset" 282
"../../../Engine/Content/MobileResources/HUD/MobileHUDButton1_on.uasset" 283
"../../../Engine/Content/MobileResources/HUD/MobileHUDButton2_on.uasset" 284
"../../../Engine/Content/MobileResources/HUD/MobileHUDButtonFire.uasset" 285
"../../../Engine/Content/MobileResources/HUD/MobileHUDDirectionPad2.uasset" 286
"../../../Engine/Content/MobileResources/HUD/MobileHUDDirectionStick.uasset" 287
"../../../Engine/Content/MobileResources/HUD/T_Castle_ThumbstickOutter.uasset" 288
"../../../MyProject3/Content/FirstPerson/Character/Mesh/SK_Mannequin_Arms_Skeleton.uasset" 289
"../../../MyProject3/Content/FirstPerson/Animations/FirstPerson_Idle.uasset" 290
"../../../MyProject3/Content/FirstPerson/Animations/FirstPerson_JumpEnd.uasset" 291
"../../../MyProject3/Content/FirstPerson/Animations/FirstPerson_JumpLoop.uasset" 292
"../../../MyProject3/Content/FirstPerson/Animations/FirstPerson_JumpStart.uasset" 293
"../../../MyProject3/Content/FirstPerson/Animations/FirstPerson_Run.uasset" 294
"../../../Engine/Content/EditorBlueprintResources/StandardMacros.uasset" 295
"../../../MyProject3/Content/FirstPerson/Animations/FirstPerson_AnimBP.uasset" 296
"../../../MyProject3/Content/FirstPerson/Animations/FirstPerson_Fire.uasset" 297
"../../../MyProject3/Content/FirstPerson/Animations/FirstPersonFire_Montage.uasset" 298
"../../../MyProject3/Content/IC/Timer_Interface.uasset" 299
"../../../MyProject3/Content/IC/UMG/ActionInterface.uasset" 300
"../../../MyProject3/Content/IC/UMG/InventorySlot.uasset" 301
"../../../MyProject3/Content/IC/UMG/InventoryStruct.uasset" 302
"../../../MyProject3/Content/IC/UMG/GameHUD.uasset" 303
"../../../MyProject3/Content/FirstPerson/Textures/FirstPersonCrosshair.uasset" 304
"../../../MyProject3/Content/FirstPersonBP/Blueprints/FirstPersonHUD.uasset" 305
"../../../MyProject3/Content/FirstPerson/Meshes/BaseMaterial.uasset" 306
"../../../MyProject3/Content/FirstPerson/Meshes/FirstPersonProjectileMaterial.uasset" 307
"../../../MyProject3/Content/FirstPerson/Meshes/FirstPersonProjectileMesh.uasset" 308
"../../../MyProject3/Content/FirstPersonBP/Blueprints/FirstPersonProjectile.uasset" 309
"../../../MyProject3/Content/FirstPerson/Audio/FirstPersonTemplateWeaponFire02.uasset" 310
"../../../Engine/Content/Functions/Engine_MaterialFunctions02/Utility/BlendAngleCorrectedNormals.uasset" 311
"../../../Engine/Content/Functions/MaterialLayerFunctions/MatLayerBlend_NormalBlend.uasset" 312
"../../../Engine/Content/Functions/MaterialLayerFunctions/MatLayerBlend_Simple.uasset" 313
"../../../MyProject3/Content/FirstPerson/Character/Materials/MaterialLayers/T_ML_Rubber_Blue_01_D.uasset" 314
"../../../MyProject3/Content/FirstPerson/Character/Materials/MaterialLayers/T_ML_Rubber_Blue_01_N.uasset" 315
"../../../MyProject3/Content/FirstPerson/Character/Materials/MaterialLayers/ML_GlossyBlack_Latex_UE4.uasset" 316
"../../../MyProject3/Content/FirstPerson/Character/Materials/MaterialLayers/ML_Plastic_Shiny_Beige.uasset" 317
"../../../MyProject3/Content/FirstPerson/Character/Textures/UE4_LOGO_CARD.uasset" 318
"../../../MyProject3/Content/FirstPerson/Character/Materials/MaterialLayers/ML_Plastic_Shiny_Beige_LOGO.uasset" 319
"../../../MyProject3/Content/FirstPerson/Character/Materials/MaterialLayers/T_ML_Aluminum01.uasset" 320
"../../../MyProject3/Content/FirstPerson/Character/Materials/MaterialLayers/T_ML_Aluminum01_N.uasset" 321
"../../../MyProject3/Content/FirstPerson/Character/Materials/MaterialLayers/ML_SoftMetal_UE4.uasset" 322
"../../../MyProject3/Content/FirstPerson/Character/Textures/UE4_Mannequin__normals.uasset" 323
"../../../MyProject3/Content/FirstPerson/Character/Textures/UE4_Mannequin_MAT_MASKA.uasset" 324
"../../../MyProject3/Content/FirstPerson/Character/Materials/M_UE4Man_Body.uasset" 325
"../../../MyProject3/Content/FirstPerson/Character/Mesh/SK_Mannequin_Arms_PhysicsAsset.uasset" 326
"../../../MyProject3/Content/FirstPerson/Character/Mesh/SK_Mannequin_Arms.uasset" 327
"../../../MyProject3/Content/FirstPerson/FPWeapon/Materials/MaterialLayers/T_ML_Rubber_Blue_01_D.uasset" 328
"../../../MyProject3/Content/FirstPerson/FPWeapon/Materials/MaterialLayers/T_ML_Rubber_Blue_01_N.uasset" 329
"../../../MyProject3/Content/FirstPerson/FPWeapon/Materials/MaterialLayers/ML_GlossyBlack_Latex_UE4.uasset" 330
"../../../MyProject3/Content/FirstPerson/FPWeapon/Materials/MaterialLayers/ML_Plastic_Shiny_Beige.uasset" 331
"../../../MyProject3/Content/FirstPerson/FPWeapon/Materials/MaterialLayers/ML_Screen.uasset" 332
"../../../MyProject3/Content/FirstPerson/FPWeapon/Materials/MaterialLayers/T_ML_Aluminum01.uasset" 333
"../../../MyProject3/Content/FirstPerson/FPWeapon/Materials/MaterialLayers/T_ML_Aluminum01_N.uasset" 334
"../../../MyProject3/Content/FirstPerson/FPWeapon/Materials/MaterialLayers/ML_SoftMetal_UE4.uasset" 335
"../../../MyProject3/Content/FirstPerson/FPWeapon/Textures/T_FPGun_M.uasset" 336
"../../../MyProject3/Content/FirstPerson/FPWeapon/Textures/T_FPGun_N.uasset" 337
"../../../MyProject3/Content/FirstPerson/FPWeapon/Materials/M_FPGun.uasset" 338
"../../../MyProject3/Content/FirstPerson/FPWeapon/Mesh/SK_FPGun_Skeleton.uasset" 339
"../../../MyProject3/Content/FirstPerson/FPWeapon/Mesh/SK_FPGun.uasset" 340
"../../../MyProject3/Content/FirstPersonBP/Blueprints/FirstPersonCharacter.uasset" 341
"../../../Engine/Content/EngineSky/C_Sky_Cloud_Color.uasset" 342
"../../../Engine/Content/EngineSky/C_Sky_Horizon_Color.uasset" 343
"../../../Engine/Content/EngineSky/C_Sky_Zenith_Color.uasset" 344
"../../../Engine/Content/EngineSky/T_Sky_Blue.uasset" 345
"../../../Engine/Content/EngineSky/T_Sky_Clouds_M.uasset" 346
"../../../Engine/Content/EngineSky/T_Sky_Stars.uasset" 347
"../../../Engine/Content/EngineSky/M_Sky_Panning_Clouds2.uasset" 348
"../../../Engine/Content/EngineSky/SM_SkySphere.uasset" 349
"../../../Engine/Content/EngineSky/BP_Sky_Sphere.uasset" 350
"../../../MyProject3/Content/FirstPersonBP/Blueprints/FirstPersonGameMode.uasset" 351
"../../../MyProject3/Content/IC/Luz_BP.uasset" 352
"../../../MyProject3/Content/IC/Imagens/fusivel_vidro2.uasset" 353
"../../../MyProject3/Content/IC/WD_CaixaDeLuz.uasset" 354
"../../../Engine/Content/BasicShapes/BasicShapeMaterial.uasset" 355
"../../../Engine/Content/BasicShapes/Cube.uasset" 356
"../../../MyProject3/Content/IC/CaixaDeLuz_BP.uasset" 357
"../../../MyProject3/Content/Geometry/Meshes/CubeMaterial.uasset" 358
"../../../MyProject3/Content/IC/LoadScene.uasset" 359
"../../../MyProject3/Content/StarterContent/Materials/M_Glass.uasset" 360
"../../../MyProject3/Content/StarterContent/Textures/T_Door_M.uasset" 361
"../../../MyProject3/Content/StarterContent/Textures/T_Door_N.uasset" 362
"../../../MyProject3/Content/StarterContent/Props/Materials/M_Door.uasset" 363
"../../../MyProject3/Content/StarterContent/Props/SM_Door.uasset" 364
"../../../MyProject3/Content/StarterContent/Textures/T_Frame_M.uasset" 365
"../../../MyProject3/Content/StarterContent/Textures/T_Frame_N.uasset" 366
"../../../MyProject3/Content/StarterContent/Props/Materials/M_Frame.uasset" 367
"../../../MyProject3/Content/StarterContent/Props/SM_DoorFrame.uasset" 368
"../../../MyProject3/Content/IC/Portas_BP/PortaInterface_BP.uasset" 369
"../../../MyProject3/Content/IC/UMG/PickupText.uasset" 370
"../../../MyProject3/Content/IC/UMG/Cilindro.uasset" 371
"../../../MyProject3/Content/StarterContent/Materials/M_Basic_Wall.uasset" 372
"../../../MyProject3/Content/StarterContent/Shapes/Shape_Cylinder.uasset" 373
"../../../MyProject3/Content/IC/UMG/TemplatePickup.uasset" 374
"../../../MyProject3/Content/IC/Imagens/HCl.uasset" 375
"../../../MyProject3/Content/IC/Materiais/Garrafa_hcl/garrafa/HCL.uasset" 376
"../../../MyProject3/Content/IC/Materiais/Garrafa_hcl/garrafa/Material_001__HCL_jpg.uasset" 377
"../../../MyProject3/Content/IC/Materiais/Garrafa_hcl/garrafa/garrafa_HCl.uasset" 378
"../../../MyProject3/Content/IC/UMG/ElementoQuimico.uasset" 379
"../../../MyProject3/Content/IC/Imagens/Background.uasset" 380
"../../../MyProject3/Content/IC/WD_Quimica.uasset" 381
"../../../MyProject3/Content/IC/Materiais/Mesa_quimica/Material.uasset" 382
"../../../MyProject3/Content/IC/Materiais/Mesa_quimica/retina_wood__2X.uasset" 383
"../../../MyProject3/Content/IC/Materiais/Mesa_quimica/Material_001__retina_wood__2X_png.uasset" 384
"../../../MyProject3/Content/IC/Materiais/Mesa_quimica/mesa_quimica.uasset" 385
"../../../MyProject3/Content/IC/MesaQuimica.uasset" 386
"../../../MyProject3/Content/IC/Tela.uasset" 387
"../../../MyProject3/Content/IC/Materiais/Monitor/Monitor.uasset" 388
"../../../MyProject3/Content/IC/Materiais/Monitor/Material_002__Monitor_png.uasset" 389
"../../../MyProject3/Content/IC/Materiais/Monitor/monitor_tubo_fbxScene.uasset" 390
"../../../MyProject3/Content/IC/MonitorMorse.uasset" 391
"../../../MyProject3/Content/IC/Portas_BP/Coord.uasset" 392
"../../../MyProject3/Content/StarterContent/Materials/black-brick-wall-texture.uasset" 393
"../../../MyProject3/Content/StarterContent/Materials/black-brick-wall-texture_Mat.uasset" 394
"../../../MyProject3/Content/IC/Portas_BP/Lab_Info.uasset" 395
"../../../MyProject3/Content/IC/Imagens/Chave.uasset" 396
"../../../MyProject3/Content/IC/Materiais/Key/material_02.uasset" 397
"../../../MyProject3/Content/IC/Materiais/Key/Material__material_02_jpg.uasset" 398
"../../../MyProject3/Content/IC/Materiais/Key/key.uasset" 399
"../../../MyProject3/Content/IC/UMG/Chave.uasset" 400
"../../../MyProject3/Content/StarterContent/Materials/M35.uasset" 401
"../../../MyProject3/Content/StarterContent/Materials/M35_Mat.uasset" 402
"../../../MyProject3/Content/IC/Imagens/Chave-de-Fenda-Completa.uasset" 403
"../../../MyProject3/Content/IC/Materiais/ChavedeFenda/material_cabo.uasset" 404
"../../../MyProject3/Content/IC/Materiais/ChavedeFenda/material_haste.uasset" 405
"../../../MyProject3/Content/IC/Materiais/ChavedeFenda/Chave_de_fenda_fbxScene.uasset" 406
"../../../MyProject3/Content/IC/UMG/ChaveDeFenda.uasset" 407
"../../../MyProject3/Content/IC/UMG/ParteChaveDeFenda.uasset" 408
"../../../Engine/Content/EngineMaterials/AntiAliasedTextMaterialTranslucent.uasset" 409
"../../../MyProject3/Content/IC/Materiais/TexturasDasSalas/Coord.uasset" 410
"../../../MyProject3/Content/StarterContent/Textures/T_Concrete_Tiles_D.uasset" 411
"../../../MyProject3/Content/StarterContent/Textures/T_Concrete_Tiles_M.uasset" 412
"../../../MyProject3/Content/StarterContent/Textures/T_Concrete_Tiles_N.uasset" 413
"../../../MyProject3/Content/StarterContent/Textures/T_Concrete_Tiles_Variation_M.uasset" 414
"../../../MyProject3/Content/StarterContent/Textures/T_MacroVariation.uasset" 415
"../../../MyProject3/Content/StarterContent/Materials/M_Concrete_Tiles.uasset" 416
"../../../MyProject3/Content/StarterContent/Materials/M_Metal_Chrome.uasset" 417
"../../../MyProject3/Content/StarterContent/Materials/old-wood-texture.uasset" 418
"../../../MyProject3/Content/StarterContent/Materials/old-wood-texture_Mat.uasset" 419
"../../../Engine/Content/BasicShapes/Cylinder.uasset" 420
"../../../MyProject3/Content/IC/Imagens/cabo-Chave-de-Fenda.uasset" 421
"../../../MyProject3/Content/IC/Imagens/Ponta-Chave-de-Fenda.uasset" 422
"../../../MyProject3/Content/IC/Materiais/Bequer/Material_001.uasset" 423
"../../../MyProject3/Content/IC/Materiais/Bequer/bequer_fbxScene.uasset" 424
"../../../MyProject3/Content/IC/Materiais/Material.uasset" 425
"../../../MyProject3/Content/IC/Materiais/Material_003.uasset" 426
"../../../MyProject3/Content/IC/Materiais/Material_004.uasset" 427
"../../../MyProject3/Content/IC/Materiais/mesa_professor__com_textura_fbxScene.uasset" 428
"../../../MyProject3/Content/IC/Materiais/Material_001__retina_wood__2X_png.uasset" 429
"../../../MyProject3/Content/IC/Materiais/mesa_quimica_fbxScene__1_.uasset" 430
"../../../MyProject3/Content/IC/Materiais/Suporte_e_tubos_de_ensaio/1/unnamed.uasset" 431
"../../../MyProject3/Content/IC/Materiais/Suporte_e_tubos_de_ensaio/1/tubo_de_ensaio_1_fbxScene.uasset" 432
"../../../MyProject3/Content/IC/Materiais/Suporte_e_tubos_de_ensaio/2/unnamed.uasset" 433
"../../../MyProject3/Content/IC/Materiais/Suporte_e_tubos_de_ensaio/2/tubo_de_ensaio_2_fbxScene.uasset" 434
"../../../MyProject3/Content/IC/Materiais/Suporte_e_tubos_de_ensaio/3/unnamed.uasset" 435
"../../../MyProject3/Content/IC/Materiais/Suporte_e_tubos_de_ensaio/3/tubo_de_ensaio_3_fbxScene.uasset" 436
"../../../MyProject3/Content/IC/Materiais/Suporte_e_tubos_de_ensaio/Suporte/unnamed.uasset" 437
"../../../MyProject3/Content/IC/Materiais/Suporte_e_tubos_de_ensaio/Suporte/suporte_para_tubos_de_ensaio_fbxScene.uasset" 438
"../../../MyProject3/Content/IC/Materiais/White.uasset" 439
"../../../MyProject3/Content/IC/Materiais/Wood__Wood-027_jpg.uasset" 440
"../../../MyProject3/Content/IC/Materiais/whiteboard_fbxScene.uasset" 441
"../../../MyProject3/Content/IC/WD_TravaEletronica.uasset" 442
"../../../MyProject3/Content/StarterContent/Textures/T_Bush_D.uasset" 443
"../../../MyProject3/Content/StarterContent/Textures/T_Bush_N.uasset" 444
"../../../MyProject3/Content/StarterContent/Props/Materials/M_Bush.uasset" 445
"../../../MyProject3/Content/StarterContent/Props/SM_Bush.uasset" 446
"../../../MyProject3/Content/StarterContent/Shapes/Shape_Plane.uasset" 447
"../../../MyProject3/Content/FirstPersonBP/Maps/FirstPersonExampleMap.umap" 448
